#
# A fatal error has been detected by the Java Runtime Environment:
#
#  EXCEPTION_ACCESS_VIOLATION (0xc0000005) at pc=0x0000000006b467cc, pid=3856, tid=0x0000000000000864
#
# JRE version: OpenJDK Runtime Environment (8.0_152-b01) (build 1.8.0_152-release-915-b01)
# Java VM: OpenJDK 64-Bit Server VM (25.152-b01 mixed mode windows-amd64 compressed oops)
# Problematic frame:
# J 24860 C2 com.sun.tools.javac.code.Symbol$MethodSymbol.binaryImplementation(Lcom/sun/tools/javac/code/Symbol$ClassSymbol;Lcom/sun/tools/javac/code/Types;)Lcom/sun/tools/javac/code/Symbol$MethodSymbol; (93 bytes) @ 0x0000000006b467cc [0x0000000006b46520+0x2ac]
#
# Failed to write core dump. Minidumps are not enabled by default on client versions of Windows
#
# If you would like to submit a bug report, please visit:
#   http://bugreport.java.com/bugreport/crash.jsp
#

---------------  T H R E A D  ---------------

Current thread (0x000000005d094800):  JavaThread "Task worker for ':' Thread 3" [_thread_in_Java, id=2148, stack(0x000000006aa10000,0x000000006ab10000)]

siginfo: ExceptionCode=0xc0000005, reading address 0x000000007fffad4d

Registers:
RAX=0x00000000ffffffff, RBX=0x00000000c34e5570, RCX=0x00000000ad12edd8, RDX=0x00000000ad12edd8
RSP=0x000000006ab0c520, RBP=0x00000000c34e5570, RSI=0x000000000000002c, RDI=0x00000000ff91eaf9
R8 =0x000000007fffacb5, R9 =0x00000000c34e5550, R10=0x00000000acb5b17a, R11=0x00000000ad12edd8
R12=0x0000000000000000, R13=0x00000000c34e49f8, R14=0x0000000000000010, R15=0x000000005d094800
RIP=0x0000000006b467cc, EFLAGS=0x0000000000010202

Top of Stack: (sp=0x000000006ab0c520)
0x000000006ab0c520:   00000000ad12edd8 00000000c23b7638
0x000000006ab0c530:   00000000c224fbd8 00000000c344f4a0
0x000000006ab0c540:   00000000c34e5570 c34e4a28ad12edd8
0x000000006ab0c550:   00000000c224fbd8 c34e54c0c224fbd8
0x000000006ab0c560:   00000000c34e5488 00000000c224fbd8
0x000000006ab0c570:   00000000c224fbd8 00000000c4d75a18
0x000000006ab0c580:   00000000c34e5570 00000000c27f7d30
0x000000006ab0c590:   00000000c224fbd8 00000000035b37b4
0x000000006ab0c5a0:   00000000ab993150 00000000ab993080
0x000000006ab0c5b0:   00000000c34e5550 0000000005ea6858
0x000000006ab0c5c0:   00000000ab98b980 00000000c34e5440
0x000000006ab0c5d0:   00000000c4d6c1d8 00000000ab95b338
0x000000006ab0c5e0:   00000000e134f3c8 00000000c34e5570
0x000000006ab0c5f0:   00000000c34e5440 00000000c344f4a0
0x000000006ab0c600:   00000000c344fea0 00000000c34f0e30
0x000000006ab0c610:   c224fbd8c224fbd8 00000000c2251760 

Instructions: (pc=0x0000000006b467cc)
0x0000000006b467ac:   48 16 0f 85 b5 0a 00 00 48 8b dd 44 8b 5b 18 45
0x0000000006b467bc:   8b 53 0c 45 8b 42 0c 45 85 c0 0f 84 fd 08 00 00
0x0000000006b467cc:   45 3b 98 98 00 00 00 74 64 48 8b 4c 24 20 44 8b
0x0000000006b467dc:   51 0c 41 83 fa 10 74 5c 4c 8b 5c 24 10 45 8b 41 


Register to memory mapping:

RAX=0x00000000ffffffff is an unallocated location in the heap
RBX=0x00000000c34e5570 is an oop
com.sun.tools.javac.code.Symbol$MethodSymbol 
 - klass: 'com/sun/tools/javac/code/Symbol$MethodSymbol'
RCX=0x00000000ad12edd8 is an oop
com.sun.tools.javac.util.UnsharedNameTable$NameImpl 
 - klass: 'com/sun/tools/javac/util/UnsharedNameTable$NameImpl'
RDX=0x00000000ad12edd8 is an oop
com.sun.tools.javac.util.UnsharedNameTable$NameImpl 
 - klass: 'com/sun/tools/javac/util/UnsharedNameTable$NameImpl'
RSP=0x000000006ab0c520 is pointing into the stack for thread: 0x000000005d094800
RBP=0x00000000c34e5570 is an oop
com.sun.tools.javac.code.Symbol$MethodSymbol 
 - klass: 'com/sun/tools/javac/code/Symbol$MethodSymbol'
RSI=0x000000000000002c is an unknown value
RDI=0x00000000ff91eaf9 is an unallocated location in the heap
R8 =0x000000007fffacb5 is an unknown value
R9 =0x00000000c34e5550 is an oop
com.sun.tools.javac.code.Scope$Entry 
 - klass: 'com/sun/tools/javac/code/Scope$Entry'
R10=0x00000000acb5b17a is pointing into object: 0x00000000acb5b178
com.sun.tools.javac.util.UnsharedNameTable 
 - klass: 'com/sun/tools/javac/util/UnsharedNameTable'
R11=0x00000000ad12edd8 is an oop
com.sun.tools.javac.util.UnsharedNameTable$NameImpl 
 - klass: 'com/sun/tools/javac/util/UnsharedNameTable$NameImpl'
R12=0x0000000000000000 is an unknown value
R13=0x00000000c34e49f8 is an oop
com.sun.tools.javac.code.Scope 
 - klass: 'com/sun/tools/javac/code/Scope'
R14=0x0000000000000010 is an unknown value
R15=0x000000005d094800 is a thread


Stack: [0x000000006aa10000,0x000000006ab10000],  sp=0x000000006ab0c520,  free space=1009k
Native frames: (J=compiled Java code, j=interpreted, Vv=VM code, C=native code)
C  0x0000000006b467cc


---------------  P R O C E S S  ---------------

Java Threads: ( => current thread )
  0x0000000057a47000 JavaThread "Cache worker for Java compile cache (E:\new_work\hongbao\.gradle\4.1\javaCompile)" [_thread_blocked, id=6832, stack(0x0000000064ff0000,0x00000000650f0000)]
=>0x000000005d094800 JavaThread "Task worker for ':' Thread 3" [_thread_in_Java, id=2148, stack(0x000000006aa10000,0x000000006ab10000)]
  0x000000005d092800 JavaThread "Task worker for ':' Thread 2" [_thread_blocked, id=8004, stack(0x00000000680d0000,0x00000000681d0000)]
  0x000000005d097000 JavaThread "Task worker for ':'" [_thread_blocked, id=336, stack(0x0000000064e30000,0x0000000064f30000)]
  0x000000005d08b800 JavaThread "Cache worker for task history cache (E:\new_work\hongbao\.gradle\4.1\taskHistory)" [_thread_blocked, id=8084, stack(0x0000000064c20000,0x0000000064d20000)]
  0x000000005d08e800 JavaThread "Cache worker for file content cache (E:\new_work\hongbao\.gradle\4.1\fileContent)" [_thread_blocked, id=7736, stack(0x0000000064270000,0x0000000064370000)]
  0x000000005d08f800 JavaThread "build operations Thread 4" [_thread_blocked, id=7344, stack(0x0000000064370000,0x0000000064470000)]
  0x000000005d08e000 JavaThread "build operations Thread 3" [_thread_blocked, id=5808, stack(0x0000000063ee0000,0x0000000063fe0000)]
  0x0000000061252800 JavaThread "build operations Thread 2" [_thread_blocked, id=6728, stack(0x000000005f900000,0x000000005fa00000)]
  0x0000000061254000 JavaThread "build operations" [_thread_blocked, id=2880, stack(0x0000000063880000,0x0000000063980000)]
  0x0000000061252000 JavaThread "Cache worker for Artifact transforms cache (C:\Users\Administrator\.gradle\caches\transforms-1)" [_thread_blocked, id=7676, stack(0x000000005f7c0000,0x000000005f8c0000)]
  0x0000000061253800 JavaThread "Cache worker for file hash cache (E:\new_work\hongbao\.gradle\4.1\fileHashes)" [_thread_blocked, id=3892, stack(0x000000005e950000,0x000000005ea50000)]
  0x0000000061251000 JavaThread "Stdin handler" [_thread_blocked, id=7380, stack(0x0000000058e40000,0x0000000058f40000)]
  0x000000006124f800 JavaThread "Asynchronous log dispatcher for DefaultDaemonConnection: socket connection from /127.0.0.1:49772 to /127.0.0.1:57668" [_thread_blocked, id=8040, stack(0x000000005b930000,0x000000005ba30000)]
  0x000000006124f000 JavaThread "Cancel handler" [_thread_blocked, id=6336, stack(0x000000005c450000,0x000000005c550000)]
  0x0000000061250800 JavaThread "Handler for socket connection from /127.0.0.1:49772 to /127.0.0.1:57668" [_thread_in_native, id=4816, stack(0x000000005bde0000,0x000000005bee0000)]
  0x000000005d095800 JavaThread "Daemon worker Thread 8" [_thread_blocked, id=2932, stack(0x000000005b380000,0x000000005b480000)]
  0x000000005d090000 JavaThread "Daemon Thread 8" [_thread_blocked, id=5992, stack(0x000000005b820000,0x000000005b920000)]
  0x000000005d091800 JavaThread "Memory manager" [_thread_blocked, id=2120, stack(0x000000005f5f0000,0x000000005f6f0000)]
  0x000000005d091000 JavaThread "pool-1-thread-1" [_thread_blocked, id=4476, stack(0x000000005fed0000,0x000000005ffd0000)]
  0x00000000599f9800 JavaThread "File lock request listener" [_thread_in_native, id=4488, stack(0x000000005c330000,0x000000005c430000)]
  0x0000000059f65000 JavaThread "Cache worker for file hash cache (C:\Users\Administrator\.gradle\caches\4.1\fileHashes)" [_thread_blocked, id=4512, stack(0x000000005c000000,0x000000005c100000)]
  0x0000000059d67800 JavaThread "Daemon periodic checks" [_thread_blocked, id=3756, stack(0x000000005b6a0000,0x000000005b7a0000)]
  0x000000005983c800 JavaThread "Incoming local TCP Connector on port 49772" [_thread_in_native, id=3752, stack(0x000000005b4b0000,0x000000005b5b0000)]
  0x0000000057909800 JavaThread "Service Thread" daemon [_thread_blocked, id=3544, stack(0x0000000058350000,0x0000000058450000)]
  0x000000005789d000 JavaThread "C1 CompilerThread2" daemon [_thread_blocked, id=3648, stack(0x0000000057ff0000,0x00000000580f0000)]
  0x000000005789c000 JavaThread "C2 CompilerThread1" daemon [_thread_blocked, id=6128, stack(0x0000000058150000,0x0000000058250000)]
  0x00000000563ee000 JavaThread "C2 CompilerThread0" daemon [_thread_blocked, id=3768, stack(0x0000000057660000,0x0000000057760000)]
  0x000000005788a800 JavaThread "Attach Listener" daemon [_thread_blocked, id=3764, stack(0x0000000057e80000,0x0000000057f80000)]
  0x00000000563e8000 JavaThread "Signal Dispatcher" daemon [_thread_blocked, id=3760, stack(0x0000000057d10000,0x0000000057e10000)]
  0x00000000563c7800 JavaThread "Finalizer" daemon [_thread_blocked, id=3684, stack(0x00000000573f0000,0x00000000574f0000)]
  0x0000000056380800 JavaThread "Reference Handler" daemon [_thread_blocked, id=3348, stack(0x0000000057780000,0x0000000057880000)]
  0x000000000037e800 JavaThread "main" [_thread_blocked, id=3744, stack(0x0000000002740000,0x0000000002840000)]

Other Threads:
  0x0000000056379000 VMThread [stack: 0x0000000057530000,0x0000000057630000] [id=2864]
  0x000000005790b000 WatcherThread [stack: 0x0000000058530000,0x0000000058630000] [id=4560]

VM state:not at safepoint (normal execution)

VM Mutex/Monitor currently owned by a thread: None

Heap:
 PSYoungGen      total 273408K, used 29347K [0x00000000e0000000, 0x00000000ff700000, 0x0000000100000000)
  eden space 265216K, 7% used [0x00000000e0000000,0x00000000e14aaec8,0x00000000f0300000)
  from space 8192K, 99% used [0x00000000f0300000,0x00000000f0afde58,0x00000000f0b00000)
  to   space 124928K, 0% used [0x00000000f7d00000,0x00000000f7d00000,0x00000000ff700000)
 ParOldGen       total 1048064K, used 615456K [0x00000000a0000000, 0x00000000dff80000, 0x00000000e0000000)
  object space 1048064K, 58% used [0x00000000a0000000,0x00000000c59081d8,0x00000000dff80000)
 Metaspace       used 124772K, capacity 133390K, committed 134656K, reserved 1165312K
  class space    used 15121K, capacity 17112K, committed 18176K, reserved 1048576K

Card table byte_map: [0x0000000011c00000,0x0000000011f10000] byte_map_base: 0x0000000011700000

Marking Bits: (ParMarkBitMap*) 0x0000000068013950
 Begin Bits: [0x00000000126f0000, 0x0000000013ef0000)
 End Bits:   [0x0000000013ef0000, 0x00000000156f0000)

Polling page: 0x0000000000140000

CodeCache: size=245760Kb used=129447Kb max_used=129459Kb free=116312Kb
 bounds [0x0000000002840000, 0x000000000a750000, 0x0000000011840000]
 total_blobs=33959 nmethods=33090 adapters=778
 compilation: enabled

Compilation events (10 events):
Event: 8077.449 Thread 0x00000000563ee000 63680       4       com.sun.tools.javac.comp.Attr::visitTypeCast (223 bytes)
Event: 8077.465 Thread 0x00000000563ee000 nmethod 63680 0x000000000a74c350 code [0x000000000a74c5e0, 0x000000000a74d560]
Event: 8077.588 Thread 0x000000005789d000 63681       3       com.sun.tools.javac.tree.JCTree$JCLambda::getTag (4 bytes)
Event: 8077.589 Thread 0x000000005789d000 nmethod 63681 0x000000000a73cbd0 code [0x000000000a73cd20, 0x000000000a73ce70]
Event: 8078.326 Thread 0x000000005789d000 63682       3       com.sun.tools.javac.tree.JCTree$JCContinue::accept (6 bytes)
Event: 8078.326 Thread 0x000000005789d000 nmethod 63682 0x000000000a73c710 code [0x000000000a73c880, 0x000000000a73caa8]
Event: 8078.803 Thread 0x000000005789c000 63683       4       com.sun.tools.javac.code.Types$SameTypeVisitor::visitWildcardType (10 bytes)
Event: 8078.804 Thread 0x000000005789c000 nmethod 63683 0x000000000a7141d0 code [0x000000000a714320, 0x000000000a714418]
Event: 8078.809 Thread 0x000000005789d000 63684       1       com.sun.tools.javac.tree.JCTree$JCEnhancedForLoop::getTag (4 bytes)
Event: 8078.809 Thread 0x000000005789d000 nmethod 63684 0x000000000a715790 code [0x000000000a7158e0, 0x000000000a7159f0]

GC Heap History (10 events):
Event: 8074.828 GC heap before
{Heap before GC invocations=416 (full 20):
 PSYoungGen      total 383488K, used 251438K [0x00000000e0000000, 0x00000000ffe80000, 0x0000000100000000)
  eden space 250880K, 100% used [0x00000000e0000000,0x00000000ef500000,0x00000000ef500000)
  from space 132608K, 0% used [0x00000000ef500000,0x00000000ef58b8a0,0x00000000f7680000)
  to   space 129024K, 0% used [0x00000000f8080000,0x00000000f8080000,0x00000000ffe80000)
 ParOldGen       total 904704K, used 812748K [0x00000000a0000000, 0x00000000d7380000, 0x00000000e0000000)
  object space 904704K, 89% used [0x00000000a0000000,0x00000000d19b3060,0x00000000d7380000)
 Metaspace       used 124771K, capacity 133390K, committed 134656K, reserved 1165312K
  class space    used 15121K, capacity 17112K, committed 18176K, reserved 1048576K
Event: 8074.852 GC heap after
Heap after GC invocations=416 (full 20):
 PSYoungGen      total 370176K, used 31933K [0x00000000e0000000, 0x00000000fe980000, 0x0000000100000000)
  eden space 262656K, 0% used [0x00000000e0000000,0x00000000e0000000,0x00000000f0080000)
  from space 107520K, 29% used [0x00000000f8080000,0x00000000f9faf788,0x00000000fe980000)
  to   space 119296K, 0% used [0x00000000f0080000,0x00000000f0080000,0x00000000f7500000)
 ParOldGen       total 904704K, used 812980K [0x00000000a0000000, 0x00000000d7380000, 0x00000000e0000000)
  object space 904704K, 89% used [0x00000000a0000000,0x00000000d19ed060,0x00000000d7380000)
 Metaspace       used 124771K, capacity 133390K, committed 134656K, reserved 1165312K
  class space    used 15121K, capacity 17112K, committed 18176K, reserved 1048576K
}
Event: 8075.236 GC heap before
{Heap before GC invocations=417 (full 20):
 PSYoungGen      total 370176K, used 294589K [0x00000000e0000000, 0x00000000fe980000, 0x0000000100000000)
  eden space 262656K, 100% used [0x00000000e0000000,0x00000000f0080000,0x00000000f0080000)
  from space 107520K, 29% used [0x00000000f8080000,0x00000000f9faf788,0x00000000fe980000)
  to   space 119296K, 0% used [0x00000000f0080000,0x00000000f0080000,0x00000000f7500000)
 ParOldGen       total 904704K, used 812980K [0x00000000a0000000, 0x00000000d7380000, 0x00000000e0000000)
  object space 904704K, 89% used [0x00000000a0000000,0x00000000d19ed060,0x00000000d7380000)
 Metaspace       used 124772K, capacity 133390K, committed 134656K, reserved 1165312K
  class space    used 15121K, capacity 17112K, committed 18176K, reserved 1048576K
Event: 8075.301 GC heap after
Heap after GC invocations=417 (full 20):
 PSYoungGen      total 381952K, used 86504K [0x00000000e0000000, 0x0000000100000000, 0x0000000100000000)
  eden space 262656K, 0% used [0x00000000e0000000,0x00000000e0000000,0x00000000f0080000)
  from space 119296K, 72% used [0x00000000f0080000,0x00000000f54fa210,0x00000000f7500000)
  to   space 130560K, 0% used [0x00000000f8080000,0x00000000f8080000,0x0000000100000000)
 ParOldGen       total 904704K, used 840631K [0x00000000a0000000, 0x00000000d7380000, 0x00000000e0000000)
  object space 904704K, 92% used [0x00000000a0000000,0x00000000d34ede70,0x00000000d7380000)
 Metaspace       used 124772K, capacity 133390K, committed 134656K, reserved 1165312K
  class space    used 15121K, capacity 17112K, committed 18176K, reserved 1048576K
}
Event: 8075.301 GC heap before
{Heap before GC invocations=418 (full 21):
 PSYoungGen      total 381952K, used 86504K [0x00000000e0000000, 0x0000000100000000, 0x0000000100000000)
  eden space 262656K, 0% used [0x00000000e0000000,0x00000000e0000000,0x00000000f0080000)
  from space 119296K, 72% used [0x00000000f0080000,0x00000000f54fa210,0x00000000f7500000)
  to   space 130560K, 0% used [0x00000000f8080000,0x00000000f8080000,0x0000000100000000)
 ParOldGen       total 904704K, used 840631K [0x00000000a0000000, 0x00000000d7380000, 0x00000000e0000000)
  object space 904704K, 92% used [0x00000000a0000000,0x00000000d34ede70,0x00000000d7380000)
 Metaspace       used 124772K, capacity 133390K, committed 134656K, reserved 1165312K
  class space    used 15121K, capacity 17112K, committed 18176K, reserved 1048576K
Event: 8076.559 GC heap after
Heap after GC invocations=418 (full 21):
 PSYoungGen      total 381952K, used 0K [0x00000000e0000000, 0x0000000100000000, 0x0000000100000000)
  eden space 262656K, 0% used [0x00000000e0000000,0x00000000e0000000,0x00000000f0080000)
  from space 119296K, 0% used [0x00000000f0080000,0x00000000f0080000,0x00000000f7500000)
  to   space 130560K, 0% used [0x00000000f8080000,0x00000000f8080000,0x0000000100000000)
 ParOldGen       total 1048064K, used 559420K [0x00000000a0000000, 0x00000000dff80000, 0x00000000e0000000)
  object space 1048064K, 53% used [0x00000000a0000000,0x00000000c224f350,0x00000000dff80000)
 Metaspace       used 124772K, capacity 133390K, committed 134656K, reserved 1165312K
  class space    used 15121K, capacity 17112K, committed 18176K, reserved 1048576K
}
Event: 8077.325 GC heap before
{Heap before GC invocations=419 (full 21):
 PSYoungGen      total 381952K, used 262656K [0x00000000e0000000, 0x0000000100000000, 0x0000000100000000)
  eden space 262656K, 100% used [0x00000000e0000000,0x00000000f0080000,0x00000000f0080000)
  from space 119296K, 0% used [0x00000000f0080000,0x00000000f0080000,0x00000000f7500000)
  to   space 130560K, 0% used [0x00000000f8080000,0x00000000f8080000,0x0000000100000000)
 ParOldGen       total 1048064K, used 559420K [0x00000000a0000000, 0x00000000dff80000, 0x00000000e0000000)
  object space 1048064K, 53% used [0x00000000a0000000,0x00000000c224f350,0x00000000dff80000)
 Metaspace       used 124772K, capacity 133390K, committed 134656K, reserved 1165312K
  class space    used 15121K, capacity 17112K, committed 18176K, reserved 1048576K
Event: 8077.363 GC heap after
Heap after GC invocations=419 (full 21):
 PSYoungGen      total 395776K, used 56413K [0x00000000e0000000, 0x0000000100000000, 0x0000000100000000)
  eden space 265216K, 0% used [0x00000000e0000000,0x00000000e0000000,0x00000000f0300000)
  from space 130560K, 43% used [0x00000000f8080000,0x00000000fb7974a8,0x0000000100000000)
  to   space 128512K, 0% used [0x00000000f0300000,0x00000000f0300000,0x00000000f8080000)
 ParOldGen       total 1048064K, used 559420K [0x00000000a0000000, 0x00000000dff80000, 0x00000000e0000000)
  object space 1048064K, 53% used [0x00000000a0000000,0x00000000c224f350,0x00000000dff80000)
 Metaspace       used 124772K, capacity 133390K, committed 134656K, reserved 1165312K
  class space    used 15121K, capacity 17112K, committed 18176K, reserved 1048576K
}
Event: 8078.866 GC heap before
{Heap before GC invocations=420 (full 21):
 PSYoungGen      total 395776K, used 321629K [0x00000000e0000000, 0x0000000100000000, 0x0000000100000000)
  eden space 265216K, 100% used [0x00000000e0000000,0x00000000f0300000,0x00000000f0300000)
  from space 130560K, 43% used [0x00000000f8080000,0x00000000fb7974a8,0x0000000100000000)
  to   space 128512K, 0% used [0x00000000f0300000,0x00000000f0300000,0x00000000f8080000)
 ParOldGen       total 1048064K, used 559420K [0x00000000a0000000, 0x00000000dff80000, 0x00000000e0000000)
  object space 1048064K, 53% used [0x00000000a0000000,0x00000000c224f350,0x00000000dff80000)
 Metaspace       used 124772K, capacity 133390K, committed 134656K, reserved 1165312K
  class space    used 15121K, capacity 17112K, committed 18176K, reserved 1048576K
Event: 8078.911 GC heap after
Heap after GC invocations=420 (full 21):
 PSYoungGen      total 273408K, used 8183K [0x00000000e0000000, 0x00000000ff700000, 0x0000000100000000)
  eden space 265216K, 0% used [0x00000000e0000000,0x00000000e0000000,0x00000000f0300000)
  from space 8192K, 99% used [0x00000000f0300000,0x00000000f0afde58,0x00000000f0b00000)
  to   space 124928K, 0% used [0x00000000f7d00000,0x00000000f7d00000,0x00000000ff700000)
 ParOldGen       total 1048064K, used 615456K [0x00000000a0000000, 0x00000000dff80000, 0x00000000e0000000)
  object space 1048064K, 58% used [0x00000000a0000000,0x00000000c59081d8,0x00000000dff80000)
 Metaspace       used 124772K, capacity 133390K, committed 134656K, reserved 1165312K
  class space    used 15121K, capacity 17112K, committed 18176K, reserved 1048576K
}

Deoptimization events (10 events):
Event: 8073.697 Thread 0x000000005d094800 Uncommon trap: reason=unstable_if action=reinterpret pc=0x0000000009cc11f8 method=dagger.internal.codegen.$AutoValue_Key.equals(Ljava/lang/Object;)Z @ 30
Event: 8073.698 Thread 0x000000005d094800 Uncommon trap: reason=null_check action=make_not_entrant pc=0x0000000009cbf898 method=com.google.common.base.Equivalence$Wrapper.equals(Ljava/lang/Object;)Z @ 8
Event: 8073.720 Thread 0x000000005d094800 Uncommon trap: reason=array_check action=maybe_recompile pc=0x00000000091b2574 method=java.util.Arrays.fill([Ljava/lang/Object;Ljava/lang/Object;)V @ 13
Event: 8074.023 Thread 0x000000005d094800 Uncommon trap: reason=class_check action=maybe_recompile pc=0x000000000a51fa8c method=org.openjdk.tools.javac.parser.Scanner.token(I)Lorg/openjdk/tools/javac/parser/Tokens$Token; @ 26
Event: 8074.023 Thread 0x000000005d094800 Uncommon trap: reason=class_check action=maybe_recompile pc=0x000000000a51fa8c method=org.openjdk.tools.javac.parser.Scanner.token(I)Lorg/openjdk/tools/javac/parser/Tokens$Token; @ 26
Event: 8074.023 Thread 0x000000005d094800 Uncommon trap: reason=class_check action=maybe_recompile pc=0x000000000a51fa8c method=org.openjdk.tools.javac.parser.Scanner.token(I)Lorg/openjdk/tools/javac/parser/Tokens$Token; @ 26
Event: 8074.023 Thread 0x000000005d094800 Uncommon trap: reason=class_check action=maybe_recompile pc=0x000000000a51fa8c method=org.openjdk.tools.javac.parser.Scanner.token(I)Lorg/openjdk/tools/javac/parser/Tokens$Token; @ 26
Event: 8074.023 Thread 0x000000005d094800 Uncommon trap: reason=class_check action=maybe_recompile pc=0x000000000a3feb80 method=org.openjdk.tools.javac.parser.Scanner.nextToken()V @ 31
Event: 8074.023 Thread 0x000000005d094800 Uncommon trap: reason=class_check action=maybe_recompile pc=0x000000000a3feb80 method=org.openjdk.tools.javac.parser.Scanner.nextToken()V @ 31
Event: 8077.756 Thread 0x000000005d094800 Uncommon trap: reason=unstable_if action=reinterpret pc=0x00000000041a4ba4 method=com.sun.tools.javac.tree.TreeCopier.copy(Lcom/sun/tools/javac/tree/JCTree;Ljava/lang/Object;)Lcom/sun/tools/javac/tree/JCTree; @ 1

Classes redefined (0 events):
No events

Internal exceptions (10 events):
Event: 8063.318 Thread 0x000000005d095800 Exception <a 'sun/nio/fs/WindowsException'> (0x00000000ecd9ed78) thrown at [D:\src\AOSP-openjdk-cygwin\jdk8u\hotspot\src\share\vm\prims\jni.cpp, line 709]
Event: 8063.318 Thread 0x000000005d095800 Exception <a 'sun/nio/fs/WindowsException'> (0x00000000ecd9fe70) thrown at [D:\src\AOSP-openjdk-cygwin\jdk8u\hotspot\src\share\vm\prims\jni.cpp, line 709]
Event: 8063.318 Thread 0x000000005d095800 Exception <a 'sun/nio/fs/WindowsException'> (0x00000000ecda1860) thrown at [D:\src\AOSP-openjdk-cygwin\jdk8u\hotspot\src\share\vm\prims\jni.cpp, line 709]
Event: 8063.318 Thread 0x000000005d095800 Exception <a 'sun/nio/fs/WindowsException'> (0x00000000ecda2950) thrown at [D:\src\AOSP-openjdk-cygwin\jdk8u\hotspot\src\share\vm\prims\jni.cpp, line 709]
Event: 8063.318 Thread 0x000000005d095800 Exception <a 'sun/nio/fs/WindowsException'> (0x00000000ecda3b38) thrown at [D:\src\AOSP-openjdk-cygwin\jdk8u\hotspot\src\share\vm\prims\jni.cpp, line 709]
Event: 8063.318 Thread 0x000000005d095800 Exception <a 'sun/nio/fs/WindowsException'> (0x00000000ecda4c20) thrown at [D:\src\AOSP-openjdk-cygwin\jdk8u\hotspot\src\share\vm\prims\jni.cpp, line 709]
Event: 8070.585 Thread 0x000000005d094800 Exception <a 'java/io/FileNotFoundException'> (0x00000000e1113320) thrown at [D:\src\AOSP-openjdk-cygwin\jdk8u\hotspot\src\share\vm\prims\jni.cpp, line 709]
Event: 8070.585 Thread 0x000000005d094800 Exception <a 'java/io/FileNotFoundException'> (0x00000000e11147e0) thrown at [D:\src\AOSP-openjdk-cygwin\jdk8u\hotspot\src\share\vm\prims\jni.cpp, line 709]
Event: 8070.585 Thread 0x000000005d094800 Exception <a 'java/io/FileNotFoundException'> (0x00000000e11153c8) thrown at [D:\src\AOSP-openjdk-cygwin\jdk8u\hotspot\src\share\vm\prims\jni.cpp, line 709]
Event: 8073.698 Thread 0x000000005d094800 Implicit null exception at 0x0000000009cbf1a8 to 0x0000000009cbf889

Events (10 events):
Event: 8076.559 Executing VM operation: RevokeBias done
Event: 8076.810 Thread 0x000000005d094800 DEOPT PACKING pc=0x00000000082ccba6 sp=0x000000006ab0c600
Event: 8076.810 Thread 0x000000005d094800 DEOPT UNPACKING pc=0x00000000028875bf sp=0x000000006ab0c390 mode 0
Event: 8077.325 Executing VM operation: ParallelGCFailedAllocation
Event: 8077.363 Executing VM operation: ParallelGCFailedAllocation done
Event: 8077.756 Thread 0x000000005d094800 Uncommon trap: trap_request=0xffffff65 fr.pc=0x00000000041a4ba4
Event: 8077.756 Thread 0x000000005d094800 DEOPT PACKING pc=0x00000000041a4ba4 sp=0x000000006ab0b510
Event: 8077.756 Thread 0x000000005d094800 DEOPT UNPACKING pc=0x000000000288556a sp=0x000000006ab0b4c8 mode 2
Event: 8078.844 Executing VM operation: ParallelGCFailedAllocation
Event: 8078.911 Executing VM operation: ParallelGCFailedAllocation done


Dynamic libraries:
0x000000013f090000 - 0x000000013f0c1000 	E:\Android Studio\jre\bin\java.exe
0x0000000077980000 - 0x0000000077b2a000 	C:\Windows\SYSTEM32\ntdll.dll
0x0000000077620000 - 0x000000007773f000 	C:\Windows\system32\kernel32.dll
0x000007fefd6b0000 - 0x000007fefd71a000 	C:\Windows\system32\KERNELBASE.dll
0x000007fefe8c0000 - 0x000007fefe99b000 	C:\Windows\system32\ADVAPI32.dll
0x000007fefdc30000 - 0x000007fefdccf000 	C:\Windows\system32\msvcrt.dll
0x000007fefe4f0000 - 0x000007fefe50f000 	C:\Windows\SYSTEM32\sechost.dll
0x000007fefe2d0000 - 0x000007fefe3fd000 	C:\Windows\system32\RPCRT4.dll
0x0000000077740000 - 0x000000007783a000 	C:\Windows\system32\USER32.dll
0x000007fefe400000 - 0x000007fefe467000 	C:\Windows\system32\GDI32.dll
0x000007fefdcd0000 - 0x000007fefdcde000 	C:\Windows\system32\LPK.dll
0x000007fefdd70000 - 0x000007fefde3a000 	C:\Windows\system32\USP10.dll
0x000007fefb710000 - 0x000007fefb904000 	C:\Windows\WinSxS\amd64_microsoft.windows.common-controls_6595b64144ccf1df_6.0.7601.18837_none_fa3b1e3d17594757\COMCTL32.dll
0x000007fefe070000 - 0x000007fefe0e1000 	C:\Windows\system32\SHLWAPI.dll
0x000007fefe040000 - 0x000007fefe06e000 	C:\Windows\system32\IMM32.DLL
0x000007fefd8a0000 - 0x000007fefd9a9000 	C:\Windows\system32\MSCTF.dll
0x00000000720e0000 - 0x00000000721b2000 	E:\Android Studio\jre\jre\bin\msvcr100.dll
0x0000000067850000 - 0x000000006808e000 	E:\Android Studio\jre\jre\bin\server\jvm.dll
0x000007fefa490000 - 0x000007fefa499000 	C:\Windows\system32\WSOCK32.dll
0x000007fefe280000 - 0x000007fefe2cd000 	C:\Windows\system32\WS2_32.dll
0x000007feff7f0000 - 0x000007feff7f8000 	C:\Windows\system32\NSI.dll
0x000007fefd7f0000 - 0x000007fefd82b000 	C:\Windows\system32\WINMM.dll
0x000007fefc300000 - 0x000007fefc30c000 	C:\Windows\system32\VERSION.dll
0x0000000077b40000 - 0x0000000077b47000 	C:\Windows\system32\PSAPI.DLL
0x000007fefa4a0000 - 0x000007fefa4af000 	E:\Android Studio\jre\jre\bin\verify.dll
0x000007feef520000 - 0x000007feef549000 	E:\Android Studio\jre\jre\bin\java.dll
0x000007fef17c0000 - 0x000007fef17d6000 	E:\Android Studio\jre\jre\bin\zip.dll
0x000007fefe9c0000 - 0x000007feff74a000 	C:\Windows\system32\SHELL32.dll
0x000007fefde40000 - 0x000007fefe03c000 	C:\Windows\system32\ole32.dll
0x000007fefd450000 - 0x000007fefd45f000 	C:\Windows\system32\profapi.dll
0x000007fefa390000 - 0x000007fefa3aa000 	E:\Android Studio\jre\jre\bin\net.dll
0x000007fefcba0000 - 0x000007fefcbf5000 	C:\Windows\system32\mswsock.dll
0x000007fefcb90000 - 0x000007fefcb97000 	C:\Windows\System32\wship6.dll
0x000007feefcd0000 - 0x000007feefce1000 	E:\Android Studio\jre\jre\bin\nio.dll
0x000007feee840000 - 0x000007feee85e000 	C:\Users\Administrator\.gradle\native\25\windows-amd64\native-platform.dll
0x000007fefa460000 - 0x000007fefa46d000 	E:\Android Studio\jre\jre\bin\management.dll
0x000007fefcc00000 - 0x000007fefcc18000 	C:\Windows\system32\CRYPTSP.dll
0x000007fefc900000 - 0x000007fefc947000 	C:\Windows\system32\rsaenh.dll
0x000007fefd490000 - 0x000007fefd4ae000 	C:\Windows\system32\USERENV.dll
0x000007fefd2a0000 - 0x000007fefd2af000 	C:\Windows\system32\CRYPTBASE.dll
0x000007fefa060000 - 0x000007fefa087000 	C:\Windows\system32\IPHLPAPI.DLL
0x000007fefa050000 - 0x000007fefa05b000 	C:\Windows\system32\WINNSI.DLL
0x000007fef9e50000 - 0x000007fef9e61000 	C:\Windows\system32\dhcpcsvc6.DLL
0x000007fef9e30000 - 0x000007fef9e48000 	C:\Windows\system32\dhcpcsvc.DLL
0x000007fefd240000 - 0x000007fefd297000 	C:\Windows\system32\apphelp.dll
0x000007feed610000 - 0x000007feed735000 	C:\Windows\system32\dbghelp.dll

VM Arguments:
jvm_args: -Xmx1536m -Dfile.encoding=GBK -Duser.country=CN -Duser.language=zh -Duser.variant 
java_command: org.gradle.launcher.daemon.bootstrap.GradleDaemon 4.1
java_class_path (initial): C:\Users\Administrator\.gradle\wrapper\dists\gradle-4.1-all\bzyivzo6n839fup2jbap0tjew\gradle-4.1\lib\gradle-launcher-4.1.jar
Launcher Type: SUN_STANDARD

Environment Variables:
PATH=C:\ProgramData\Oracle\Java\javapath;C:\Windows\system32;C:\Windows;C:\Windows\System32\Wbem;E:\Git\cmd;E:\svn\bin
USERNAME=Administrator
OS=Windows_NT
PROCESSOR_IDENTIFIER=Intel64 Family 6 Model 158 Stepping 9, GenuineIntel



---------------  S Y S T E M  ---------------

OS: Windows 7 , 64 bit Build 7601 (6.1.7601.23714)

CPU:total 4 (initial active 4) (4 cores per cpu, 1 threads per core) family 6 model 158 stepping 9, cmov, cx8, fxsr, mmx, sse, sse2, sse3, ssse3, sse4.1, sse4.2, popcnt, avx, avx2, aes, clmul, erms, rtm, 3dnowpref, lzcnt, tsc, tscinvbit, bmi1, bmi2, adx

Memory: 4k page, physical 8341136k(1710240k free), swap 16680412k(9435368k free)

vm_info: OpenJDK 64-Bit Server VM (25.152-b01) for windows-amd64 JRE (1.8.0_152-release-915-b01), built by "builder" with MS VC++ 10.0 (VS2010)

time: Tue Jun 12 11:44:18 2018
elapsed time: 8079 seconds (0d 2h 14m 39s)

